<?xml version="1.0" encoding="UTF-8"?>
<testng-results ignored="0" total="1" passed="0" failed="1" skipped="0">
  <reporter-output>
  </reporter-output>
  <suite started-at="2021-06-20T06:47:11Z" name="DemoQAAutomation" finished-at="2021-06-20T06:47:12Z" duration-ms="1230">
    <groups>
    </groups>
    <test started-at="2021-06-20T06:47:11Z" name="InitialSetup" finished-at="2021-06-20T06:47:11Z" duration-ms="10">
    </test> <!-- InitialSetup -->
    <test started-at="2021-06-20T06:47:11Z" name="Tests" finished-at="2021-06-20T06:47:12Z" duration-ms="1159">
      <class name="setup.SeleniumInit">
        <test-method is-config="true" signature="setup()[pri:0, instance:setup.SeleniumInit@71c8becc]" started-at="2021-06-20T06:46:42Z" name="setup" finished-at="2021-06-20T06:47:11Z" duration-ms="29236" status="PASS">
          <reporter-output>
          </reporter-output>
        </test-method> <!-- setup -->
        <test-method is-config="true" signature="afterSuite()[pri:0, instance:setup.SeleniumInit@71c8becc]" started-at="2021-06-20T06:47:12Z" name="afterSuite" finished-at="2021-06-20T06:47:14Z" duration-ms="2010" status="PASS">
          <reporter-output>
          </reporter-output>
        </test-method> <!-- afterSuite -->
      </class> <!-- setup.SeleniumInit -->
      <class name="runnerClasses.TextBoxRunner">
        <test-method signature="test1()[pri:0, instance:runnerClasses.TextBoxRunner@636be97c]" started-at="2021-06-20T06:47:11Z" name="test1" finished-at="2021-06-20T06:47:11Z" duration-ms="6" status="FAIL">
          <exception class="java.lang.NullPointerException">
            <message>
              <![CDATA[Cannot invoke "org.openqa.selenium.WebDriver.get(String)" because "this.driver" is null]]>
            </message>
            <full-stacktrace>
              <![CDATA[java.lang.NullPointerException: Cannot invoke "org.openqa.selenium.WebDriver.get(String)" because "this.driver" is null
at pageObjects.TextBoxPage.navigate(TextBoxPage.java:15)
at runnerClasses.TextBoxRunner.test1(TextBoxRunner.java:18)
at java.base/jdk.internal.reflect.NativeMethodAccessorImpl.invoke0(Native Method)
at java.base/jdk.internal.reflect.NativeMethodAccessorImpl.invoke(NativeMethodAccessorImpl.java:64)
at java.base/jdk.internal.reflect.DelegatingMethodAccessorImpl.invoke(DelegatingMethodAccessorImpl.java:43)
at java.base/java.lang.reflect.Method.invoke(Method.java:564)
at org.testng.internal.MethodInvocationHelper.invokeMethod(MethodInvocationHelper.java:124)
at org.testng.internal.Invoker.invokeMethod(Invoker.java:583)
at org.testng.internal.Invoker.invokeTestMethod(Invoker.java:719)
at org.testng.internal.Invoker.invokeTestMethods(Invoker.java:989)
at org.testng.internal.TestMethodWorker.invokeTestMethods(TestMethodWorker.java:125)
at org.testng.internal.TestMethodWorker.run(TestMethodWorker.java:109)
at org.testng.TestRunner.privateRun(TestRunner.java:648)
at org.testng.TestRunner.run(TestRunner.java:505)
at org.testng.SuiteRunner.runTest(SuiteRunner.java:455)
at org.testng.SuiteRunner.runSequentially(SuiteRunner.java:450)
at org.testng.SuiteRunner.privateRun(SuiteRunner.java:415)
at org.testng.SuiteRunner.run(SuiteRunner.java:364)
at org.testng.SuiteRunnerWorker.runSuite(SuiteRunnerWorker.java:52)
at org.testng.SuiteRunnerWorker.run(SuiteRunnerWorker.java:84)
at org.testng.TestNG.runSuitesSequentially(TestNG.java:1208)
at org.testng.TestNG.runSuitesLocally(TestNG.java:1137)
at org.testng.TestNG.runSuites(TestNG.java:1049)
at org.testng.TestNG.run(TestNG.java:1017)
at org.testng.remote.AbstractRemoteTestNG.run(AbstractRemoteTestNG.java:115)
at org.testng.remote.RemoteTestNG.initAndRun(RemoteTestNG.java:251)
at org.testng.remote.RemoteTestNG.main(RemoteTestNG.java:77)
]]>
            </full-stacktrace>
          </exception> <!-- java.lang.NullPointerException -->
          <reporter-output>
          </reporter-output>
        </test-method> <!-- test1 -->
      </class> <!-- runnerClasses.TextBoxRunner -->
    </test> <!-- Tests -->
  </suite> <!-- DemoQAAutomation -->
</testng-results>
