<?xml version="1.0" encoding="UTF-8"?>
<!-- Generated by org.testng.reporters.JUnitXMLReporter -->
<testsuite ignored="0" hostname="LAPTOP-FJ3K051I" failures="1" tests="1" name="Tests" time="1.159" errors="0" timestamp="20 Jun 2021 06:47:12 GMT">
  <testcase classname="runnerClasses.TextBoxRunner" name="test1" time="0.006">
    <failure type="java.lang.NullPointerException" message="Cannot invoke &amp;quot;org.openqa.selenium.WebDriver.get(String)&amp;quot; because &amp;quot;this.driver&amp;quot; is null">
      <![CDATA[java.lang.NullPointerException: Cannot invoke "org.openqa.selenium.WebDriver.get(String)" because "this.driver" is null
at pageObjects.TextBoxPage.navigate(TextBoxPage.java:15)
at runnerClasses.TextBoxRunner.test1(TextBoxRunner.java:18)
... Removed 25 stack frames]]>
    </failure>
  </testcase> <!-- test1 -->
</testsuite> <!-- Tests -->
